[1/118] Building CXX object CMakeFiles/blupimania2.dir/src/auto.cpp.obj
[2/118] Building CXX object CMakeFiles/blupimania2.dir/src/autofiole.cpp.obj
[3/118] Building CXX object CMakeFiles/blupimania2.dir/src/autojostle.cpp.obj
[4/118] Building CXX object CMakeFiles/blupimania2.dir/src/autoflash.cpp.obj
[5/118] Building CXX object CMakeFiles/blupimania2.dir/src/autogoal.cpp.obj
[6/118] Building CXX object CMakeFiles/blupimania2.dir/src/autoscrap.cpp.obj
[7/118] Building CXX object CMakeFiles/blupimania2.dir/src/autodoor.cpp.obj
[8/118] Building CXX object CMakeFiles/blupimania2.dir/src/autocatapult.cpp.obj
[9/118] Building CXX object CMakeFiles/blupimania2.dir/src/automax1x.cpp.obj
[10/118] Building CXX object CMakeFiles/blupimania2.dir/src/button.cpp.obj
[11/118] Building CXX object CMakeFiles/blupimania2.dir/src/automeca.cpp.obj
[12/118] Building CXX object CMakeFiles/blupimania2.dir/src/autodock.cpp.obj
[13/118] Building CXX object CMakeFiles/blupimania2.dir/src/autolift.cpp.obj
[14/118] Building CXX object CMakeFiles/blupimania2.dir/src/check.cpp.obj
[15/118] Building CXX object CMakeFiles/blupimania2.dir/src/blitz.cpp.obj
[16/118] Building CXX object CMakeFiles/blupimania2.dir/src/cbottoken.cpp.obj
[17/118] Building CXX object CMakeFiles/blupimania2.dir/src/array.cpp.obj
[18/118] Building CXX object CMakeFiles/blupimania2.dir/src/compass.cpp.obj
[19/118] Building CXX object CMakeFiles/blupimania2.dir/src/color.cpp.obj
[20/118] Building CXX object CMakeFiles/blupimania2.dir/src/cloud.cpp.obj
[21/118] Building CXX object CMakeFiles/blupimania2.dir/src/event.cpp.obj
[22/118] Building CXX object CMakeFiles/blupimania2.dir/src/cryptfile.cpp.obj
[23/118] Building CXX object CMakeFiles/blupimania2.dir/src/d3dmath.cpp.obj
[24/118] Building CXX object CMakeFiles/blupimania2.dir/src/displaytext.cpp.obj
[25/118] Building CXX object CMakeFiles/blupimania2.dir/src/filebuffer.cpp.obj
[26/118] Building CXX object CMakeFiles/blupimania2.dir/src/editvalue.cpp.obj
[27/118] Building CXX object CMakeFiles/blupimania2.dir/src/image.cpp.obj
[28/118] Building CXX object CMakeFiles/blupimania2.dir/src/gauge.cpp.obj
[29/118] Building CXX object CMakeFiles/blupimania2.dir/src/group.cpp.obj
[30/118] Building CXX object CMakeFiles/blupimania2.dir/src/gamerfile.cpp.obj
[31/118] Building CXX object CMakeFiles/blupimania2.dir/src/camera.cpp.obj
[32/118] Building CXX object CMakeFiles/blupimania2.dir/src/iman.cpp.obj
[33/118] Building CXX object CMakeFiles/blupimania2.dir/src/control.cpp.obj
[34/118] Building CXX object CMakeFiles/blupimania2.dir/src/label.cpp.obj
[35/118] Building CXX object CMakeFiles/blupimania2.dir/src/key.cpp.obj
[36/118] Building CXX object CMakeFiles/blupimania2.dir/src/link.cpp.obj
[37/118] Building CXX object CMakeFiles/blupimania2.dir/src/light.cpp.obj
[38/118] Building CXX object CMakeFiles/blupimania2.dir/src/mainmap.cpp.obj
[39/118] Building CXX object CMakeFiles/blupimania2.dir/src/interface.cpp.obj
[40/118] Building CXX object CMakeFiles/blupimania2.dir/src/menu.cpp.obj
[41/118] Building CXX object CMakeFiles/blupimania2.dir/src/mainundo.cpp.obj
[42/118] Building CXX object CMakeFiles/blupimania2.dir/src/metafile.cpp.obj
[43/118] Building CXX object CMakeFiles/blupimania2.dir/src/list.cpp.obj
[44/118] Building CXX object CMakeFiles/blupimania2.dir/src/misc.cpp.obj
[45/118] Building CXX object CMakeFiles/blupimania2.dir/src/motion.cpp.obj
[46/118] Building CXX object CMakeFiles/blupimania2.dir/src/map.cpp.obj
[47/118] Building CXX object CMakeFiles/blupimania2.dir/src/cmdtoken.cpp.obj
[48/118] Building CXX object CMakeFiles/blupimania2.dir/src/modfile.cpp.obj
[49/118] Building CXX object CMakeFiles/blupimania2.dir/src/motionbird.cpp.obj
[50/118] Building CXX object CMakeFiles/blupimania2.dir/src/math3d.cpp.obj
[51/118] Building CXX object CMakeFiles/blupimania2.dir/src/motionfish.cpp.obj
[52/118] Building CXX object CMakeFiles/blupimania2.dir/src/motionjet.cpp.obj
[53/118] Building CXX object CMakeFiles/blupimania2.dir/src/motionsnake.cpp.obj
[54/118] Building CXX object CMakeFiles/blupimania2.dir/src/motiongun.cpp.obj
[55/118] Building CXX object CMakeFiles/blupimania2.dir/src/motionptero.cpp.obj
[56/118] Building CXX object CMakeFiles/blupimania2.dir/src/motionperfo.cpp.obj
[57/118] Building CXX object CMakeFiles/blupimania2.dir/src/motionsubm.cpp.obj
[58/118] Building CXX object CMakeFiles/blupimania2.dir/src/profile.cpp.obj
[59/118] Building CXX object CMakeFiles/blupimania2.dir/src/motiontrax.cpp.obj
[60/118] Building CXX object CMakeFiles/blupimania2.dir/src/planet.cpp.obj
[61/118] Building CXX object CMakeFiles/blupimania2.dir/src/progress.cpp.obj
[62/118] Building CXX object CMakeFiles/blupimania2.dir/src/motionbot.cpp.obj
[63/118] Building CXX object CMakeFiles/blupimania2.dir/src/motionblupi.cpp.obj
[64/118] Building CXX object CMakeFiles/blupimania2.dir/src/edit.cpp.obj
[65/118] Building CXX object CMakeFiles/blupimania2.dir/src/shortcut.cpp.obj
[66/118] Building CXX object CMakeFiles/blupimania2.dir/src/task.cpp.obj
[67/118] Building CXX object CMakeFiles/blupimania2.dir/src/scroll.cpp.obj
[68/118] Building CXX object CMakeFiles/blupimania2.dir/src/taskcatapult.cpp.obj
[69/118] Building CXX object CMakeFiles/blupimania2.dir/src/slider.cpp.obj
[70/118] Building CXX object CMakeFiles/blupimania2.dir/src/taskadvance.cpp.obj
[71/118] Building CXX object CMakeFiles/blupimania2.dir/src/taskdive.cpp.obj
[72/118] Building CXX object CMakeFiles/blupimania2.dir/src/taskdock.cpp.obj
[73/118] Building CXX object CMakeFiles/blupimania2.dir/src/taskdrink.cpp.obj
[74/118] Building CXX object CMakeFiles/blupimania2.dir/src/model.cpp.obj
[75/118] Building CXX object CMakeFiles/blupimania2.dir/src/taskgoal.cpp.obj
[76/118] Building CXX object CMakeFiles/blupimania2.dir/src/restext.cpp.obj
[77/118] Building CXX object CMakeFiles/blupimania2.dir/src/pyro.cpp.obj
[78/118] Building CXX object CMakeFiles/blupimania2.dir/src/taskfire.cpp.obj
[79/118] Building CXX object CMakeFiles/blupimania2.dir/src/taskgun.cpp.obj
[80/118] Building CXX object CMakeFiles/blupimania2.dir/src/script.cpp.obj
[81/118] Building CXX object CMakeFiles/blupimania2.dir/src/maindialog.cpp.obj
[82/118] Building CXX object CMakeFiles/blupimania2.dir/src/taskperfo.cpp.obj
[83/118] Building CXX object CMakeFiles/blupimania2.dir/src/taskmanager.cpp.obj
[84/118] Building CXX object CMakeFiles/blupimania2.dir/src/taskwait.cpp.obj
[85/118] Building CXX object CMakeFiles/blupimania2.dir/src/taskturn.cpp.obj
[86/118] Building CXX object CMakeFiles/blupimania2.dir/src/tasktrax.cpp.obj
[87/118] Building CXX object CMakeFiles/blupimania2.dir/src/taskgoto.cpp.obj
[88/118] Building CXX object CMakeFiles/blupimania2.dir/src/taskroll.cpp.obj
[89/118] Building CXX object CMakeFiles/blupimania2.dir/src/CBot/CBotIf.cpp.obj
[90/118] Building CXX object CMakeFiles/blupimania2.dir/src/text.cpp.obj
[91/118] Building CXX object CMakeFiles/blupimania2.dir/src/tasklist.cpp.obj
[92/118] Building CXX object CMakeFiles/blupimania2.dir/src/taskpush.cpp.obj
[93/118] Building CXX object CMakeFiles/blupimania2.dir/src/d3dengine.cpp.obj
[94/118] Building CXX object CMakeFiles/blupimania2.dir/src/water.cpp.obj
[95/118] Building CXX object CMakeFiles/blupimania2.dir/src/CBot/CBotClass.cpp.obj
[96/118] Building CXX object CMakeFiles/blupimania2.dir/src/particule.cpp.obj
[97/118] Building CXX object CMakeFiles/blupimania2.dir/src/window.cpp.obj
[98/118] Building CXX object CMakeFiles/blupimania2.dir/src/CBot/CBotString.cpp.obj
[99/118] Building CXX object CMakeFiles/blupimania2.dir/src/CBot/CBotProgram.cpp.obj
[100/118] Building CXX object CMakeFiles/blupimania2.dir/src/CBot/CBotStack.cpp.obj
[101/118] Building CXX object CMakeFiles/blupimania2.dir/src/CBot/CBotToken.cpp.obj
[102/118] Building CXX object CMakeFiles/blupimania2.dir/src/CBot/CBotFunction.cpp.obj
[103/118] Building CXX object CMakeFiles/blupimania2.dir/port/compat/d3dutil.cpp.obj
[104/118] Building CXX object CMakeFiles/blupimania2.dir/src/CBot/CBotTwoOpExpr.cpp.obj
[105/118] Building CXX object CMakeFiles/blupimania2.dir/src/robotmain.cpp.obj
[106/118] Building CXX object CMakeFiles/blupimania2.dir/port/sdl/sdltextr.cpp.obj
[107/118] Building CXX object CMakeFiles/blupimania2.dir/src/CBot/CBotWhile.cpp.obj
[108/118] Building CXX object CMakeFiles/blupimania2.dir/src/terrain.cpp.obj
[109/118] Building CXX object CMakeFiles/blupimania2.dir/src/mainedit.cpp.obj
[110/118] Building CXX object CMakeFiles/blupimania2.dir/src/object.cpp.obj
[111/118] Building CXX object CMakeFiles/blupimania2.dir/port/compat/compat.cpp.obj
[112/118] Building CXX object CMakeFiles/blupimania2.dir/src/CBot/CBot.cpp.obj
[113/118] Building CXX object CMakeFiles/blupimania2.dir/src/CBot/CBotVar.cpp.obj
[114/118] Building CXX object CMakeFiles/blupimania2.dir/port/sdl/sdljoystick.cpp.obj
[115/118] Building CXX object CMakeFiles/blupimania2.dir/port/sdl/sdlapp.cpp.obj
[116/118] Building CXX object CMakeFiles/blupimania2.dir/port/gl/gldevice.cpp.obj
[117/118] Building CXX object CMakeFiles/blupimania2.dir/port/sdl/sdlsound.cpp.obj
[118/118] Linking CXX executable blupimania2.exe
